<?xml version="1.0" encoding="UTF-8"?>
<!-- Generated by org.testng.reporters.JUnitXMLReporter -->
<testsuite ignored="0" hostname="utkarsh.saxena" failures="0" tests="3" name="users package" time="2.613" errors="0" timestamp="2021-07-13T12:31:52 IST">
  <testcase classname="systemTesting.userDetails.CreateUsersTest" name="TC001_CreateUserWithValidData" time="2.297"/>
  <testcase classname="systemTesting.userDetails.GetUserInfoTest" name="TC001_GetValidUserDetails" time="0.142"/>
  <testcase classname="systemTesting.userDetails.DeleteUserTest" name="TC001_DeleteValidUser" time="0.122"/>
</testsuite> <!-- users package -->
