<?xml version="1.0" encoding="UTF-8"?>
<testng-results ignored="0" total="3" passed="3" failed="0" skipped="0">
  <reporter-output>
  </reporter-output>
  <suite started-at="2021-07-13T12:31:49 IST" name="API Testing Suite" finished-at="2021-07-13T12:31:52 IST" duration-ms="2613">
    <groups>
    </groups>
    <test started-at="2021-07-13T12:31:49 IST" name="users package" finished-at="2021-07-13T12:31:52 IST" duration-ms="2613">
      <class name="systemTesting.userDetails.CreateUsersTest">
        <test-method signature="TC001_CreateUserWithValidData()[pri:0, instance:systemTesting.userDetails.CreateUsersTest@319b92f3]" started-at="2021-07-13T12:31:49 IST" name="TC001_CreateUserWithValidData" description="Create a user with valid details" finished-at="2021-07-13T12:31:51 IST" duration-ms="2297" status="PASS">
          <reporter-output>
          </reporter-output>
        </test-method> <!-- TC001_CreateUserWithValidData -->
      </class> <!-- systemTesting.userDetails.CreateUsersTest -->
      <class name="systemTesting.userDetails.DeleteUserTest">
        <test-method signature="TC001_DeleteValidUser()[pri:0, instance:systemTesting.userDetails.DeleteUserTest@27d415d9]" started-at="2021-07-13T12:31:51 IST" name="TC001_DeleteValidUser" description="Delete a valid user details" finished-at="2021-07-13T12:31:52 IST" duration-ms="122" status="PASS">
          <reporter-output>
          </reporter-output>
        </test-method> <!-- TC001_DeleteValidUser -->
      </class> <!-- systemTesting.userDetails.DeleteUserTest -->
      <class name="systemTesting.userDetails.GetUserInfoTest">
        <test-method signature="TC001_GetValidUserDetails()[pri:0, instance:systemTesting.userDetails.GetUserInfoTest@fcd6521]" started-at="2021-07-13T12:31:51 IST" name="TC001_GetValidUserDetails" description="Get valid user details" finished-at="2021-07-13T12:31:51 IST" duration-ms="142" status="PASS">
          <reporter-output>
          </reporter-output>
        </test-method> <!-- TC001_GetValidUserDetails -->
      </class> <!-- systemTesting.userDetails.GetUserInfoTest -->
    </test> <!-- users package -->
  </suite> <!-- API Testing Suite -->
</testng-results>
